<?xml version="1.0" encoding="UTF-8"?>
<testsuite xmlns:xsi="http://www.w3.org/2001/XMLSchema-instance" xsi:noNamespaceSchemaLocation="https://maven.apache.org/surefire/maven-surefire-plugin/xsd/surefire-test-report.xsd" version="3.0.2" name="tests.ProductDependencyTest" time="70.535" tests="1" errors="0" skipped="0" failures="0">
  <properties>
[...]
</properties>
  <testcase name="approveProductDependency" classname="tests.ProductDependencyTest" time="11.892">
    <system-out><![CDATA[INITIALIZING CALIBO API TEST SUITE
[AuthCode] Bearer token captured
✅ Token captured successfully

Product dependency approved: 4d8d358c-d1f8-442f-b483-4a09e1d9d2fb -> 33557114-32ea-40d4-bd75-99381e2dfd11
]]></system-out>
    <system-err><![CDATA[SLF4J(W): No SLF4J providers were found.
SLF4J(W): Defaulting to no-operation (NOP) logger implementation
SLF4J(W): See https://www.slf4j.org/codes.html#noProviders for further details.
]]></system-err>
  </testcase>
</testsuite>