<?xml version="1.0" encoding="UTF-8"?>
<testng-results ignored="0" total="1" passed="0" failed="0" skipped="1">
  <reporter-output>
  </reporter-output>
  <suite started-at="2026-08-04T18:03:40 IST" name="Surefire suite" finished-at="2026-08-04T18:03:40 IST" duration-ms="12">
    <groups>
      <group name="deploy-stage">
        <method signature="DevStageTests.createDevStage()[pri:0, instance:tests.DevStageTests@53ca01a2]" name="createDevStage" class="tests.DevStageTests"/>
      </group> <!-- deploy-stage -->
    </groups>
    <test started-at="2026-08-04T18:03:40 IST" name="Surefire test" finished-at="2026-08-04T18:03:40 IST" duration-ms="12">
      <class name="tests.DevStageTests">
        <test-method is-config="true" signature="setupSuite()[pri:0, instance:tests.DevStageTests@53ca01a2]" started-at="2026-08-04T18:03:39 IST" name="setupSuite" finished-at="2026-08-04T18:03:40 IST" duration-ms="351" status="FAIL">
          <exception class="java.lang.IllegalStateException">
            <message>
              <![CDATA[Unable to allocate a ChromeDriver port]]>
            </message>
            <full-stacktrace>
              <![CDATA[java.lang.IllegalStateException: Unable to allocate a ChromeDriver port
at common.AuthCode.findAvailablePort(AuthCode.java:186)
at common.AuthCode.login(AuthCode.java:57)
at base.BaseTest.setupSuite(BaseTest.java:45)
at java.base/jdk.internal.reflect.DirectMethodHandleAccessor.invoke(DirectMethodHandleAccessor.java:104)
at java.base/java.lang.reflect.Method.invoke(Method.java:565)
at org.testng.internal.invokers.MethodInvocationHelper.invokeMethod(MethodInvocationHelper.java:141)
at org.testng.internal.invokers.MethodInvocationHelper.invokeMethodConsideringTimeout(MethodInvocationHelper.java:71)
at org.testng.internal.invokers.ConfigInvoker.invokeConfigurationMethod(ConfigInvoker.java:400)
at org.testng.internal.invokers.ConfigInvoker.invokeConfigurations(ConfigInvoker.java:333)
at org.testng.SuiteRunner.privateRun(SuiteRunner.java:358)
at org.testng.SuiteRunner.run(SuiteRunner.java:312)
at org.testng.SuiteRunnerWorker.runSuite(SuiteRunnerWorker.java:52)
at org.testng.SuiteRunnerWorker.run(SuiteRunnerWorker.java:95)
at org.testng.TestNG.runSuitesSequentially(TestNG.java:1274)
at org.testng.TestNG.runSuitesLocally(TestNG.java:1208)
at org.testng.TestNG.runSuites(TestNG.java:1112)
at org.testng.TestNG.run(TestNG.java:1079)
at org.apache.maven.surefire.testng.TestNGExecutor.run(TestNGExecutor.java:155)
at org.apache.maven.surefire.testng.TestNGDirectoryTestSuite.executeSingleClass(TestNGDirectoryTestSuite.java:102)
at org.apache.maven.surefire.testng.TestNGDirectoryTestSuite.execute(TestNGDirectoryTestSuite.java:91)
at org.apache.maven.surefire.testng.TestNGProvider.invoke(TestNGProvider.java:137)
at org.apache.maven.surefire.booter.ForkedBooter.runSuitesInProcess(ForkedBooter.java:385)
at org.apache.maven.surefire.booter.ForkedBooter.execute(ForkedBooter.java:162)
at org.apache.maven.surefire.booter.ForkedBooter.run(ForkedBooter.java:507)
at org.apache.maven.surefire.booter.ForkedBooter.main(ForkedBooter.java:495)
Caused by: java.net.SocketException: Operation not permitted
at java.base/sun.nio.ch.Net.bind0(Native Method)
at java.base/sun.nio.ch.Net.bind(Net.java:525)
at java.base/sun.nio.ch.Net.bind(Net.java:514)
at java.base/sun.nio.ch.NioSocketImpl.bind(NioSocketImpl.java:645)
at java.base/java.net.ServerSocket.bind(ServerSocket.java:326)
at java.base/java.net.ServerSocket.<init>(ServerSocket.java:222)
at java.base/java.net.ServerSocket.<init>(ServerSocket.java:138)
at common.AuthCode.findAvailablePort(AuthCode.java:182)
... 24 more
]]>
            </full-stacktrace>
          </exception> <!-- java.lang.IllegalStateException -->
          <reporter-output>
          </reporter-output>
        </test-method> <!-- setupSuite -->
        <test-method signature="createDevStage()[pri:0, instance:tests.DevStageTests@53ca01a2]" started-at="2026-08-04T18:03:40 IST" name="createDevStage" description="Configure and verify the Dev stage for Kubernetes deployment" finished-at="2026-08-04T18:03:40 IST" duration-ms="0" status="SKIP">
          <exception class="java.lang.IllegalStateException">
            <message>
              <![CDATA[Unable to allocate a ChromeDriver port]]>
            </message>
            <full-stacktrace>
              <![CDATA[java.lang.IllegalStateException: Unable to allocate a ChromeDriver port
at common.AuthCode.findAvailablePort(AuthCode.java:186)
at common.AuthCode.login(AuthCode.java:57)
at base.BaseTest.setupSuite(BaseTest.java:45)
at java.base/jdk.internal.reflect.DirectMethodHandleAccessor.invoke(DirectMethodHandleAccessor.java:104)
at java.base/java.lang.reflect.Method.invoke(Method.java:565)
at org.testng.internal.invokers.MethodInvocationHelper.invokeMethod(MethodInvocationHelper.java:141)
at org.testng.internal.invokers.MethodInvocationHelper.invokeMethodConsideringTimeout(MethodInvocationHelper.java:71)
at org.testng.internal.invokers.ConfigInvoker.invokeConfigurationMethod(ConfigInvoker.java:400)
at org.testng.internal.invokers.ConfigInvoker.invokeConfigurations(ConfigInvoker.java:333)
at org.testng.SuiteRunner.privateRun(SuiteRunner.java:358)
at org.testng.SuiteRunner.run(SuiteRunner.java:312)
at org.testng.SuiteRunnerWorker.runSuite(SuiteRunnerWorker.java:52)
at org.testng.SuiteRunnerWorker.run(SuiteRunnerWorker.java:95)
at org.testng.TestNG.runSuitesSequentially(TestNG.java:1274)
at org.testng.TestNG.runSuitesLocally(TestNG.java:1208)
at org.testng.TestNG.runSuites(TestNG.java:1112)
at org.testng.TestNG.run(TestNG.java:1079)
at org.apache.maven.surefire.testng.TestNGExecutor.run(TestNGExecutor.java:155)
at org.apache.maven.surefire.testng.TestNGDirectoryTestSuite.executeSingleClass(TestNGDirectoryTestSuite.java:102)
at org.apache.maven.surefire.testng.TestNGDirectoryTestSuite.execute(TestNGDirectoryTestSuite.java:91)
at org.apache.maven.surefire.testng.TestNGProvider.invoke(TestNGProvider.java:137)
at org.apache.maven.surefire.booter.ForkedBooter.runSuitesInProcess(ForkedBooter.java:385)
at org.apache.maven.surefire.booter.ForkedBooter.execute(ForkedBooter.java:162)
at org.apache.maven.surefire.booter.ForkedBooter.run(ForkedBooter.java:507)
at org.apache.maven.surefire.booter.ForkedBooter.main(ForkedBooter.java:495)
Caused by: java.net.SocketException: Operation not permitted
at java.base/sun.nio.ch.Net.bind0(Native Method)
at java.base/sun.nio.ch.Net.bind(Net.java:525)
at java.base/sun.nio.ch.Net.bind(Net.java:514)
at java.base/sun.nio.ch.NioSocketImpl.bind(NioSocketImpl.java:645)
at java.base/java.net.ServerSocket.bind(ServerSocket.java:326)
at java.base/java.net.ServerSocket.<init>(ServerSocket.java:222)
at java.base/java.net.ServerSocket.<init>(ServerSocket.java:138)
at common.AuthCode.findAvailablePort(AuthCode.java:182)
... 24 more
]]>
            </full-stacktrace>
          </exception> <!-- java.lang.IllegalStateException -->
          <reporter-output>
          </reporter-output>
        </test-method> <!-- createDevStage -->
        <test-method is-config="true" signature="tearDownSuite()[pri:0, instance:tests.DevStageTests@53ca01a2]" started-at="2026-08-04T18:03:40 IST" name="tearDownSuite" finished-at="2026-08-04T18:03:40 IST" duration-ms="0" status="SKIP">
          <reporter-output>
          </reporter-output>
        </test-method> <!-- tearDownSuite -->
      </class> <!-- tests.DevStageTests -->
    </test> <!-- Surefire test -->
  </suite> <!-- Surefire suite -->
</testng-results>
