<?xml version="1.0" encoding="UTF-8"?>
<testsuite xmlns:xsi="http://www.w3.org/2001/XMLSchema-instance" xsi:noNamespaceSchemaLocation="https://maven.apache.org/surefire/maven-surefire-plugin/xsd/surefire-test-report.xsd" version="3.0.2" name="tests.DataIngestionTests" time="161.792" tests="1" errors="0" skipped="0" failures="0">
  <properties>
[...]
</properties>
  <testcase name="dataIngestion" classname="tests.DataIngestionTests" time="118.179">
    <system-out><![CDATA[
============================================================
🚀 INITIALIZING CALIBO API TEST SUITE
============================================================

📋 Step 1: Loading configuration...
✅ Configuration loaded successfully

🔐 Step 2: Capturing authentication token...
[AuthCode] App loaded, clicking Configuration tab...
[AuthCode] Configuration tab clicked, capturing token...
[AuthCode] Found platformSetupConfigs request
[AuthCode] Token captured successfully
[AuthCode] Token: eyJhbGciOiJSUzI1NiIs...
✅ Token captured successfully

🌐 Step 3: Initializing API client...
[RequestSpec] Initialized for https://accelerate-qa.calibo.com
[RequestSpec] API log: /Users/sid/Documents/CaliboAutomation/calibooptimzed/CaliboAPI/src/target/api-logs/tests.DataIngestionTests-api-20260804-165802.log
✅ API client initialized

============================================================
✅ TEST SUITE READY - Starting tests...
============================================================

[DataIngestion] Workflow status attempt 1: INITIATED
[DataIngestion] Workflow status attempt 2: INITIATED
[DataIngestion] Workflow status attempt 3: INITIATED
[DataIngestion] Workflow status attempt 4: INITIATED
[DataIngestion] Workflow status attempt 5: COMPLETED
[DataIngestion] Cleanup disabled; created DPS resources are retained
[DataIngestion] Replayed 52 API transactions successfully
[DataIngestion] Product: Auto_Proj_DataIngestion_2e3a0e
[DataIngestion] Workstream: AutoWS_DataIngestion_2e3a0e
]]></system-out>
    <system-err><![CDATA[SLF4J(W): No SLF4J providers were found.
SLF4J(W): Defaulting to no-operation (NOP) logger implementation
SLF4J(W): See https://www.slf4j.org/codes.html#noProviders for further details.
Aug 04, 2026 4:57:20 PM org.openqa.selenium.devtools.CdpVersionFinder findNearestMatch
WARNING: Unable to find CDP implementation matching 150
Aug 04, 2026 4:57:20 PM org.openqa.selenium.chromium.ChromiumDriver lambda$new$4
WARNING: Unable to find version of CDP to use for 150.0.7871.188. You may need to include a dependency on a specific version of the CDP using something similar to `org.seleniumhq.selenium:selenium-devtools-v86:4.34.0` where the version ("v86") matches the version of the chromium-based browser you're using and the version number of the artifact is the same as Selenium's.
]]></system-err>
  </testcase>
</testsuite>