-------------------------------------------------------------------------------
Test set: tests.DevStageTests
-------------------------------------------------------------------------------
Tests run: 1, Failures: 1, Errors: 0, Skipped: 0, Time elapsed: 584.6 s <<< FAILURE! -- in tests.DevStageTests
tests.DevStageTests.createDevStage -- Time elapsed: 546.6 s <<< FAILURE!
com.microsoft.playwright.TimeoutError: 
Error {
  message='Timeout 30000ms exceeded.
  name='TimeoutError
  stack='TimeoutError: Timeout 30000ms exceeded.
    at ProgressController.run (/private/var/folders/wt/9jh_cnf55z1gy_jz7y_kq9140000gn/T/playwright-java-9868429689741546376/package/lib/server/progress.js:78:26)
    at Frame.goto (/private/var/folders/wt/9jh_cnf55z1gy_jz7y_kq9140000gn/T/playwright-java-9868429689741546376/package/lib/server/frames.js:517:23)
    at FrameDispatcher.goto (/private/var/folders/wt/9jh_cnf55z1gy_jz7y_kq9140000gn/T/playwright-java-9868429689741546376/package/lib/server/dispatchers/frameDispatcher.js:81:119)
    at FrameDispatcher._handleCommand (/private/var/folders/wt/9jh_cnf55z1gy_jz7y_kq9140000gn/T/playwright-java-9868429689741546376/package/lib/server/dispatchers/dispatcher.js:94:40)
    at DispatcherConnection.dispatch (/private/var/folders/wt/9jh_cnf55z1gy_jz7y_kq9140000gn/T/playwright-java-9868429689741546376/package/lib/server/dispatchers/dispatcher.js:361:39)
}
Call log:
- navigating to "http://ingress.tenant604134.ibdp.calibo.com/dplvuetsg88d/", waiting until "load"

	at com.microsoft.playwright.impl.WaitableResult.get(WaitableResult.java:52)
	at com.microsoft.playwright.impl.ChannelOwner.runUntil(ChannelOwner.java:120)
	at com.microsoft.playwright.impl.Connection.sendMessage(Connection.java:130)
	at com.microsoft.playwright.impl.ChannelOwner.sendMessage(ChannelOwner.java:106)
	at com.microsoft.playwright.impl.FrameImpl.navigateImpl(FrameImpl.java:463)
	at com.microsoft.playwright.impl.PageImpl.lambda$navigate$46(PageImpl.java:927)
	at com.microsoft.playwright.impl.LoggingSupport.withLogging(LoggingSupport.java:47)
	at com.microsoft.playwright.impl.ChannelOwner.withLogging(ChannelOwner.java:89)
	at com.microsoft.playwright.impl.PageImpl.navigate(PageImpl.java:927)
	at com.microsoft.playwright.impl.PageImpl.navigate(PageImpl.java:42)
	at com.microsoft.playwright.Page.navigate(Page.java:5530)
	at DevSecops.helper.DevStageHelper.validateLiveURL(DevStageHelper.java:39)
	at DevSecops.building_blocks.DevStageBuildingBlock.promote(DevStageBuildingBlock.java:28)
	at tests.DevStageTests.createDevStage(DevStageTests.java:18)
	at java.base/jdk.internal.reflect.DirectMethodHandleAccessor.invoke(DirectMethodHandleAccessor.java:104)
	at java.base/java.lang.reflect.Method.invoke(Method.java:565)
	at org.testng.internal.invokers.MethodInvocationHelper.invokeMethod(MethodInvocationHelper.java:141)
	at org.testng.internal.invokers.TestInvoker.invokeMethod(TestInvoker.java:687)
	at org.testng.internal.invokers.TestInvoker.invokeTestMethod(TestInvoker.java:230)
	at org.testng.internal.invokers.MethodRunner.runInSequence(MethodRunner.java:63)
	at org.testng.internal.invokers.TestInvoker$MethodInvocationAgent.invoke(TestInvoker.java:995)
	at org.testng.internal.invokers.TestInvoker.invokeTestMethods(TestInvoker.java:203)
	at org.testng.internal.invokers.TestMethodWorker.invokeTestMethods(TestMethodWorker.java:154)
	at org.testng.internal.invokers.TestMethodWorker.run(TestMethodWorker.java:134)
	at java.base/java.util.ArrayList.forEach(ArrayList.java:1612)
	at org.testng.TestRunner.privateRun(TestRunner.java:741)
	at org.testng.TestRunner.run(TestRunner.java:616)
	at org.testng.SuiteRunner.runTest(SuiteRunner.java:421)
	at org.testng.SuiteRunner.runSequentially(SuiteRunner.java:413)
	at org.testng.SuiteRunner.privateRun(SuiteRunner.java:373)
	at org.testng.SuiteRunner.run(SuiteRunner.java:312)
	at org.testng.SuiteRunnerWorker.runSuite(SuiteRunnerWorker.java:52)
	at org.testng.SuiteRunnerWorker.run(SuiteRunnerWorker.java:95)
	at org.testng.TestNG.runSuitesSequentially(TestNG.java:1274)
	at org.testng.TestNG.runSuitesLocally(TestNG.java:1208)
	at org.testng.TestNG.runSuites(TestNG.java:1112)
	at org.testng.TestNG.run(TestNG.java:1079)
	at org.apache.maven.surefire.testng.TestNGExecutor.run(TestNGExecutor.java:155)
	at org.apache.maven.surefire.testng.TestNGDirectoryTestSuite.executeSingleClass(TestNGDirectoryTestSuite.java:102)
	at org.apache.maven.surefire.testng.TestNGDirectoryTestSuite.execute(TestNGDirectoryTestSuite.java:91)
	at org.apache.maven.surefire.testng.TestNGProvider.invoke(TestNGProvider.java:137)
	at org.apache.maven.surefire.booter.ForkedBooter.runSuitesInProcess(ForkedBooter.java:385)
	at org.apache.maven.surefire.booter.ForkedBooter.execute(ForkedBooter.java:162)
	at org.apache.maven.surefire.booter.ForkedBooter.run(ForkedBooter.java:507)
	at org.apache.maven.surefire.booter.ForkedBooter.main(ForkedBooter.java:495)
Caused by: com.microsoft.playwright.TimeoutError: Error {
  message='Timeout 30000ms exceeded.
  name='TimeoutError
  stack='TimeoutError: Timeout 30000ms exceeded.
    at ProgressController.run (/private/var/folders/wt/9jh_cnf55z1gy_jz7y_kq9140000gn/T/playwright-java-9868429689741546376/package/lib/server/progress.js:78:26)
    at Frame.goto (/private/var/folders/wt/9jh_cnf55z1gy_jz7y_kq9140000gn/T/playwright-java-9868429689741546376/package/lib/server/frames.js:517:23)
    at FrameDispatcher.goto (/private/var/folders/wt/9jh_cnf55z1gy_jz7y_kq9140000gn/T/playwright-java-9868429689741546376/package/lib/server/dispatchers/frameDispatcher.js:81:119)
    at FrameDispatcher._handleCommand (/private/var/folders/wt/9jh_cnf55z1gy_jz7y_kq9140000gn/T/playwright-java-9868429689741546376/package/lib/server/dispatchers/dispatcher.js:94:40)
    at DispatcherConnection.dispatch (/private/var/folders/wt/9jh_cnf55z1gy_jz7y_kq9140000gn/T/playwright-java-9868429689741546376/package/lib/server/dispatchers/dispatcher.js:361:39)
}
Call log:
- navigating to "http://ingress.tenant604134.ibdp.calibo.com/dplvuetsg88d/", waiting until "load"

	at com.microsoft.playwright.impl.Connection.dispatch(Connection.java:254)
	at com.microsoft.playwright.impl.Connection.processOneMessage(Connection.java:211)
	at com.microsoft.playwright.impl.ChannelOwner.runUntil(ChannelOwner.java:118)
	... 43 more

