<?xml version="1.0" encoding="UTF-8"?>
<testng-results ignored="0" total="1" passed="1" failed="0" skipped="0">
  <reporter-output>
  </reporter-output>
  <suite started-at="2026-08-06T20:55:41 IST" name="Surefire suite" finished-at="2026-08-06T20:55:43 IST" duration-ms="2089">
    <groups>
    </groups>
    <test started-at="2026-08-06T20:55:41 IST" name="Surefire test" finished-at="2026-08-06T20:55:43 IST" duration-ms="2089">
      <class name="tests.SimplePortfolioTest">
        <test-method is-config="true" signature="setupSuite()[pri:0, instance:tests.SimplePortfolioTest@29ba4338]" started-at="2026-08-06T20:55:00 IST" name="setupSuite" finished-at="2026-08-06T20:55:41 IST" duration-ms="40873" status="PASS">
          <reporter-output>
          </reporter-output>
        </test-method> <!-- setupSuite -->
        <test-method signature="createPortfolio()[pri:0, instance:tests.SimplePortfolioTest@29ba4338]" started-at="2026-08-06T20:55:41 IST" name="createPortfolio" finished-at="2026-08-06T20:55:43 IST" duration-ms="2077" status="PASS">
          <reporter-output>
          </reporter-output>
        </test-method> <!-- createPortfolio -->
        <test-method is-config="true" signature="tearDownSuite()[pri:0, instance:tests.SimplePortfolioTest@29ba4338]" started-at="2026-08-06T20:55:43 IST" name="tearDownSuite" finished-at="2026-08-06T20:55:43 IST" duration-ms="1" status="PASS">
          <reporter-output>
          </reporter-output>
        </test-method> <!-- tearDownSuite -->
      </class> <!-- tests.SimplePortfolioTest -->
    </test> <!-- Surefire test -->
  </suite> <!-- Surefire suite -->
</testng-results>
