<?xml version="1.0" encoding="UTF-8"?>
<testsuite xmlns:xsi="http://www.w3.org/2001/XMLSchema-instance" xsi:noNamespaceSchemaLocation="https://maven.apache.org/surefire/maven-surefire-plugin/xsd/surefire-test-report.xsd" version="3.0.2" name="tests.DataIngestionPiplineWithDatabaseCrawlerCatalog" time="604.357" tests="1" errors="0" skipped="0" failures="0">
  <properties>
[...]
</properties>
  <testcase name="mssqlCatalogDatabricksSnowflakePipeline" classname="tests.DataIngestionPiplineWithDatabaseCrawlerCatalog" time="569.666">
    <system-out><![CDATA[INITIALIZING CALIBO API TEST SUITE
[AuthCode] Bearer token captured
✅ Token captured successfully

[DataIngestion] Workflow status attempt 1: INITIATED
[DataIngestion] Workflow status attempt 2: INITIATED
[DataIngestion] Workflow status attempt 3: INITIATED
[DataIngestion] Workflow status attempt 4: INITIATED
[DataIngestion] Workflow status attempt 5: INITIATED
[DataIngestion] Workflow status attempt 6: INITIATED
[DataIngestion] Workflow status attempt 7: INITIATED
[DataIngestion] Workflow status attempt 8: INITIATED
[DataIngestion] Workflow status attempt 9: INITIATED
[DataIngestion] Workflow status attempt 10: INITIATED
[DataIngestion] Workflow status attempt 11: INITIATED
[DataIngestion] Workflow status attempt 12: INITIATED
[DataIngestion] Workflow status attempt 13: INITIATED
[DataIngestion] Workflow status attempt 14: INITIATED
[DataIngestion] Workflow status attempt 15: INITIATED
[DataIngestion] Workflow status attempt 16: INITIATED
[DataIngestion] Workflow status attempt 17: INITIATED
[DataIngestion] Workflow status attempt 18: INITIATED
[DataIngestion] Workflow status attempt 19: INITIATED
[DataIngestion] Workflow status attempt 20: INITIATED
[DataIngestion] Workflow status attempt 21: INITIATED
[DataIngestion] Workflow status attempt 22: INITIATED
[DataIngestion] Workflow status attempt 23: INITIATED
[DataIngestion] Workflow status attempt 24: INITIATED
[DataIngestion] Workflow status attempt 25: INITIATED
[DataIngestion] Workflow status attempt 26: INITIATED
[DataIngestion] Workflow status attempt 27: INITIATED
[DataIngestion] Workflow status attempt 28: INITIATED
[DataIngestion] Workflow status attempt 29: INITIATED
[DataIngestion] Workflow status attempt 30: INITIATED
[DataIngestion] Workflow status attempt 31: INITIATED
[DataIngestion] Workflow status attempt 32: INITIATED
[DataIngestion] Workflow status attempt 33: INITIATED
[DataIngestion] Workflow status attempt 34: INITIATED
[DataIngestion] Workflow status attempt 35: INITIATED
[DataIngestion] Workflow status attempt 36: INITIATED
[DataIngestion] Workflow status attempt 37: INITIATED
[DataIngestion] Workflow status attempt 38: INITIATED
[DataIngestion] Workflow status attempt 39: INITIATED
[DataIngestion] Workflow status attempt 40: INITIATED
[DataIngestion] Workflow status attempt 41: INITIATED
[DataIngestion] Workflow status attempt 42: INITIATED
[DataIngestion] Workflow status attempt 43: INITIATED
[DataIngestion] Workflow status attempt 44: INITIATED
[DataIngestion] Workflow status attempt 45: INITIATED
[DataIngestion] Workflow status attempt 46: INITIATED
[DataIngestion] Workflow status attempt 47: INITIATED
[DataIngestion] Workflow status attempt 48: INITIATED
[DataIngestion] Workflow status attempt 49: INITIATED
[DataIngestion] Workflow status attempt 50: INITIATED
[DataIngestion] Workflow status attempt 51: INITIATED
[DataIngestion] Workflow status attempt 52: INITIATED
[DataIngestion] Workflow status attempt 53: INITIATED
[DataIngestion] Workflow status attempt 54: INITIATED
[DataIngestion] Workflow status attempt 55: INITIATED
[DataIngestion] Workflow status attempt 56: INITIATED
[DataIngestion] Workflow status attempt 57: INITIATED
[DataIngestion] Workflow status attempt 58: INITIATED
[DataIngestion] Workflow status attempt 59: INITIATED
[DataIngestion] Workflow status attempt 60: INITIATED
[DataIngestion] Workflow status attempt 61: INITIATED
[DataIngestion] Workflow status attempt 62: INITIATED
[DataIngestion] Workflow status attempt 63: INITIATED
[DataIngestion] Workflow status attempt 64: INITIATED
[DataIngestion] Workflow status attempt 65: INITIATED
[DataIngestion] Workflow status attempt 66: INITIATED
[DataIngestion] Workflow status attempt 67: INITIATED
[DataIngestion] Workflow status attempt 68: INITIATED
[DataIngestion] Workflow status attempt 69: INITIATED
[DataIngestion] Workflow status attempt 70: INITIATED
[DataIngestion] Workflow status attempt 71: INITIATED
[DataIngestion] Workflow status attempt 72: INITIATED
[DataIngestion] Workflow status attempt 73: INITIATED
[DataIngestion] Workflow status attempt 74: INITIATED
[DataIngestion] Workflow status attempt 75: INITIATED
[DataIngestion] Workflow status attempt 76: COMPLETED
[DataIngestion] Cleanup disabled; created DPS resources are retained
[DataIngestion] Replayed 52 API transactions successfully
[DataIngestion] Product: Auto_Proj_DataIngestion_7804b5
[DataIngestion] Workstream: AutoWS_DataIngestion_7804b5
]]></system-out>
    <system-err><![CDATA[SLF4J(W): No SLF4J providers were found.
SLF4J(W): Defaulting to no-operation (NOP) logger implementation
SLF4J(W): See https://www.slf4j.org/codes.html#noProviders for further details.
]]></system-err>
  </testcase>
</testsuite>