<?xml version="1.0" encoding="UTF-8"?>
<!-- Generated by org.testng.reporters.JUnitXMLReporter -->
<testsuite ignored="0" hostname="sids-MacBook-Pro.local" failures="0" tests="1" name="Surefire test" time="0.012" errors="0" timestamp="2026-08-04T18:03:40 IST">
  <testcase classname="base.BaseTest" name="@BeforeSuite setupSuite" time="0.351">
    <failure type="java.lang.IllegalStateException" message="Unable to allocate a ChromeDriver port">
      <![CDATA[java.lang.IllegalStateException: Unable to allocate a ChromeDriver port
at common.AuthCode.findAvailablePort(AuthCode.java:186)
at common.AuthCode.login(AuthCode.java:57)
at base.BaseTest.setupSuite(BaseTest.java:45)
Caused by: java.net.SocketException: Operation not permitted
at java.base/sun.nio.ch.Net.bind0(Native Method)
at java.base/sun.nio.ch.Net.bind(Net.java:525)
at java.base/sun.nio.ch.Net.bind(Net.java:514)
at java.base/sun.nio.ch.NioSocketImpl.bind(NioSocketImpl.java:645)
at java.base/java.net.ServerSocket.bind(ServerSocket.java:326)
at java.base/java.net.ServerSocket.<init>(ServerSocket.java:222)
at java.base/java.net.ServerSocket.<init>(ServerSocket.java:138)
at common.AuthCode.findAvailablePort(AuthCode.java:182)
... 24 more
... Removed 22 stack frames]]>
    </failure>
  </testcase> <!-- @BeforeSuite setupSuite -->
  <testcase classname="tests.DevStageTests" name="createDevStage" time="0.0">
    <skipped/>
  </testcase> <!-- createDevStage -->
</testsuite> <!-- Surefire test -->
