<?xml version="1.0" encoding="UTF-8"?>
<!-- Generated by org.testng.reporters.JUnitXMLReporter -->
<testsuite ignored="4" hostname="sids-MacBook-Pro.local" failures="0" tests="3" name="Surefire test" time="4.83" errors="0" timestamp="2026-08-06T21:55:56 IST">
  <testcase classname="tests.SimpleFeatureTest" name="createFeature" time="2.178"/>
  <testcase classname="tests.SimplePortfolioTest" name="createPortfolio" time="1.215"/>
  <testcase classname="tests.SimpleProductTest" name="createProduct" time="1.421"/>
  <testcase classname="base.BaseTest" name="@BeforeSuite setupSuite" time="0.0">
    <ignored/>
  </testcase> <!-- @BeforeSuite setupSuite -->
  <testcase classname="base.BaseTest" name="@AfterSuite tearDownSuite" time="0.0">
    <ignored/>
  </testcase> <!-- @AfterSuite tearDownSuite -->
  <testcase classname="base.BaseTest" name="@BeforeSuite setupSuite" time="0.0">
    <ignored/>
  </testcase> <!-- @BeforeSuite setupSuite -->
  <testcase classname="base.BaseTest" name="@AfterSuite tearDownSuite" time="0.0">
    <ignored/>
  </testcase> <!-- @AfterSuite tearDownSuite -->
</testsuite> <!-- Surefire test -->
