<?xml version="1.0" encoding="UTF-8"?>
<!-- Generated by org.testng.reporters.JUnitReportReporter -->
<testsuite hostname="sids-MacBook-Pro.local" failures="0" tests="6" name="tests.UsersTests" time="16.867" errors="0" timestamp="2026-08-04T17:19:48 IST" skipped="0">
  <testcase classname="tests.UsersTests" name="getAllUsers" time="4.726"/>
  <testcase classname="tests.UsersTests" name="createUser" time="4.736"/>
  <testcase classname="tests.UsersTests" name="searchUsers" time="3.296"/>
  <testcase classname="tests.UsersTests" name="updateUser" time="1.384"/>
  <testcase classname="tests.UsersTests" name="assignRole" time="1.227"/>
  <testcase classname="tests.UsersTests" name="deleteUser" time="1.498"/>
</testsuite> <!-- tests.UsersTests -->
