<?xml version="1.0" encoding="UTF-8"?>
<!-- Generated by org.testng.reporters.JUnitReportReporter -->
<testsuite hostname="sids-MacBook-Pro.local" failures="0" tests="1" name="tests.DataIngestionPiplineWithDatabaseCrawlerCatalog" time="569.663" errors="0" timestamp="2026-08-07T20:29:37 IST" skipped="0">
  <testcase classname="tests.DataIngestionPiplineWithDatabaseCrawlerCatalog" name="mssqlCatalogDatabricksSnowflakePipeline" time="569.663"/>
</testsuite> <!-- tests.DataIngestionPiplineWithDatabaseCrawlerCatalog -->
